7290 12/04/2021 05:01:05 PM INFO : Welcome to the camera simulator
7859 12/04/2021 05:09:05 PM INFO : Welcome to the camera simulator
7900 12/04/2021 05:09:24 PM INFO : Welcome to the camera simulator
7955 12/04/2021 05:10:34 PM INFO : Welcome to the camera simulator
8089 12/04/2021 05:28:23 PM INFO : Welcome to the camera simulator
8089 12/04/2021 05:28:30 PM INFO : Turning-on WebCamera
8089 12/04/2021 05:28:41 PM INFO : Connected to the server
8089 12/04/2021 05:28:41 PM INFO : Frame Sent 1
8089 12/04/2021 05:28:41 PM INFO : Frame Sent 2
8089 12/04/2021 05:28:41 PM INFO : Frame Sent 3
8089 12/04/2021 05:28:41 PM INFO : Frame Sent 4
8089 12/04/2021 05:28:41 PM INFO : Frame Sent 5
8089 12/04/2021 05:28:41 PM INFO : Frame Sent 6
8089 12/04/2021 05:28:41 PM INFO : Frame Sent 7
8089 12/04/2021 05:28:42 PM INFO : Frame Sent 8
8089 12/04/2021 05:28:42 PM INFO : Frame Sent 9
8089 12/04/2021 05:28:42 PM INFO : Frame Sent 10
8089 12/04/2021 05:28:42 PM INFO : Frame Sent 11
8089 12/04/2021 05:28:42 PM INFO : Frame Sent 12
8089 12/04/2021 05:28:42 PM INFO : Frame Sent 13
8089 12/04/2021 05:28:42 PM INFO : Frame Sent 14
8089 12/04/2021 05:28:42 PM INFO : Frame Sent 15
8089 12/04/2021 05:28:43 PM INFO : Frame Sent 16
8089 12/04/2021 05:28:43 PM INFO : Frame Sent 17
8089 12/04/2021 05:28:43 PM INFO : Frame Sent 18
8089 12/04/2021 05:28:43 PM INFO : Frame Sent 19
8089 12/04/2021 05:28:43 PM INFO : Frame Sent 20
8089 12/04/2021 05:28:43 PM INFO : Frame Sent 21
8089 12/04/2021 05:28:43 PM INFO : Frame Sent 22
8089 12/04/2021 05:28:43 PM INFO : Frame Sent 23
8089 12/04/2021 05:28:44 PM INFO : Frame Sent 24
8089 12/04/2021 05:28:44 PM INFO : Frame Sent 25
8089 12/04/2021 05:28:44 PM INFO : Frame Sent 26
8089 12/04/2021 05:28:44 PM INFO : Frame Sent 27
8089 12/04/2021 05:28:44 PM INFO : Frame Sent 28
8089 12/04/2021 05:28:44 PM INFO : Frame Sent 29
8089 12/04/2021 05:28:44 PM INFO : Frame Sent 30
8089 12/04/2021 05:28:44 PM INFO : Frame Sent 31
8089 12/04/2021 05:28:45 PM INFO : Frame Sent 32
8089 12/04/2021 05:28:45 PM INFO : Frame Sent 33
8089 12/04/2021 05:28:45 PM INFO : Frame Sent 34
8089 12/04/2021 05:28:45 PM INFO : Transmission Terminated
